The system is: Linux - 3.10.0-1160.76.1.el7.x86_64 - x86_64
Compiling the CXX compiler identification source file "CMakeCXXCompilerId.cpp" succeeded.
Compiler: /gpfs/runtime/opt/gcc/10.2/bin/c++ 
Build flags: 
Id flags:  

The output was:
0


Compilation of the CXX compiler identification source "CMakeCXXCompilerId.cpp" produced "a.out"

The CXX compiler identification is GNU, found in "/users/zhuan160/my_test/floquet/floquet_topological_solver/build/CMakeFiles/3.15.4/CompilerIdCXX/a.out"

Determining if the CXX compiler works passed with the following output:
Change Dir: /users/zhuan160/my_test/floquet/floquet_topological_solver/build/CMakeFiles/CMakeTmp

Run Build Command(s):/gpfs/runtime/opt/ninja/1.9.0/ninja cmTC_47ee9 && [1/2] Building CXX object CMakeFiles/cmTC_47ee9.dir/testCXXCompiler.cxx.o
[2/2] Linking CXX executable cmTC_47ee9



Detecting CXX compiler ABI info compiled with the following output:
Change Dir: /users/zhuan160/my_test/floquet/floquet_topological_solver/build/CMakeFiles/CMakeTmp

Run Build Command(s):/gpfs/runtime/opt/ninja/1.9.0/ninja cmTC_1639f && [1/2] Building CXX object CMakeFiles/cmTC_1639f.dir/CMakeCXXCompilerABI.cpp.o
Using built-in specs.
COLLECT_GCC=/gpfs/runtime/opt/gcc/10.2/bin/c++
Target: x86_64-pc-linux-gnu
Configured with: ../src/configure --prefix=/gpfs/runtime/opt/gcc/10.2
Thread model: posix
Supported LTO compression algorithms: zlib
gcc version 10.2.0 (GCC) 
COLLECT_GCC_OPTIONS='-v' '-o' 'CMakeFiles/cmTC_1639f.dir/CMakeCXXCompilerABI.cpp.o' '-c' '-shared-libgcc' '-mtune=generic' '-march=x86-64'
 /oscar/rt/7.2/opt/gcc/10.2/bin/../libexec/gcc/x86_64-pc-linux-gnu/10.2.0/cc1plus -quiet -v -iprefix /oscar/rt/7.2/opt/gcc/10.2/bin/../lib/gcc/x86_64-pc-linux-gnu/10.2.0/ -D_GNU_SOURCE /oscar/rt/7.2/opt/cmake/3.15.4/share/cmake-3.15/Modules/CMakeCXXCompilerABI.cpp -quiet -dumpbase CMakeCXXCompilerABI.cpp -mtune=generic -march=x86-64 -auxbase-strip CMakeFiles/cmTC_1639f.dir/CMakeCXXCompilerABI.cpp.o -version -o /tmp/cccuS2XM.s
GNU C++14 (GCC) version 10.2.0 (x86_64-pc-linux-gnu)
	compiled by GNU C version 10.2.0, GMP version 6.1.0, MPFR version 3.1.4, MPC version 1.0.3, isl version isl-0.18-GMP

GGC heuristics: --param ggc-min-expand=100 --param ggc-min-heapsize=131072
ignoring nonexistent directory "/oscar/rt/7.2/opt/gcc/10.2/bin/../lib/gcc/x86_64-pc-linux-gnu/10.2.0/../../../../x86_64-pc-linux-gnu/include"
ignoring duplicate directory "/oscar/rt/7.2/opt/gcc/10.2/bin/../lib/gcc/../../lib/gcc/x86_64-pc-linux-gnu/10.2.0/../../../../include/c++/10.2.0"
ignoring duplicate directory "/oscar/rt/7.2/opt/gcc/10.2/bin/../lib/gcc/../../lib/gcc/x86_64-pc-linux-gnu/10.2.0/../../../../include/c++/10.2.0/x86_64-pc-linux-gnu"
ignoring duplicate directory "/oscar/rt/7.2/opt/gcc/10.2/bin/../lib/gcc/../../lib/gcc/x86_64-pc-linux-gnu/10.2.0/../../../../include/c++/10.2.0/backward"
ignoring duplicate directory "/oscar/rt/7.2/opt/gcc/10.2/bin/../lib/gcc/../../lib/gcc/x86_64-pc-linux-gnu/10.2.0/include"
ignoring duplicate directory "/oscar/rt/7.2/opt/gcc/10.2/bin/../lib/gcc/../../include"
ignoring duplicate directory "/oscar/rt/7.2/opt/gcc/10.2/bin/../lib/gcc/../../lib/gcc/x86_64-pc-linux-gnu/10.2.0/include-fixed"
ignoring nonexistent directory "/oscar/rt/7.2/opt/gcc/10.2/bin/../lib/gcc/../../lib/gcc/x86_64-pc-linux-gnu/10.2.0/../../../../x86_64-pc-linux-gnu/include"
ignoring duplicate directory "/gpfs/runtime/opt/eigen/3.4.0/include"
  as it is a non-system directory that duplicates a system directory
ignoring duplicate directory "/gpfs/runtime/opt/eigen/3.4.0/include/eigen3/Eigen"
  as it is a non-system directory that duplicates a system directory
ignoring duplicate directory "/gpfs/runtime/opt/eigen/3.4.0/include/eigen3/"
  as it is a non-system directory that duplicates a system directory
ignoring duplicate directory "/gpfs/runtime/opt/gcc/10.2/include"
  as it is a non-system directory that duplicates a system directory
#include "..." search starts here:
#include <...> search starts here:
 /gpfs/runtime/opt/intel/2017.0/mkl/include/intel64/ilp64/
 /gpfs/runtime/opt/python/2.7.12/include
 /gpfs/runtime/opt/eigen/3.4.0/include
 /gpfs/runtime/opt/eigen/3.4.0/include/eigen3/Eigen
 /gpfs/runtime/opt/eigen/3.4.0/include/eigen3/
 /gpfs/runtime/opt/gcc/10.2/include
 /oscar/rt/7.2/opt/gcc/10.2/bin/../lib/gcc/x86_64-pc-linux-gnu/10.2.0/../../../../include/c++/10.2.0
 /oscar/rt/7.2/opt/gcc/10.2/bin/../lib/gcc/x86_64-pc-linux-gnu/10.2.0/../../../../include/c++/10.2.0/x86_64-pc-linux-gnu
 /oscar/rt/7.2/opt/gcc/10.2/bin/../lib/gcc/x86_64-pc-linux-gnu/10.2.0/../../../../include/c++/10.2.0/backward
 /oscar/rt/7.2/opt/gcc/10.2/bin/../lib/gcc/x86_64-pc-linux-gnu/10.2.0/include
 /oscar/rt/7.2/opt/gcc/10.2/bin/../lib/gcc/x86_64-pc-linux-gnu/10.2.0/include-fixed
 /usr/local/include
 /usr/include
End of search list.
GNU C++14 (GCC) version 10.2.0 (x86_64-pc-linux-gnu)
	compiled by GNU C version 10.2.0, GMP version 6.1.0, MPFR version 3.1.4, MPC version 1.0.3, isl version isl-0.18-GMP

GGC heuristics: --param ggc-min-expand=100 --param ggc-min-heapsize=131072
Compiler executable checksum: 6596791e66259363b24761a92e960d36
COLLECT_GCC_OPTIONS='-v' '-o' 'CMakeFiles/cmTC_1639f.dir/CMakeCXXCompilerABI.cpp.o' '-c' '-shared-libgcc' '-mtune=generic' '-march=x86-64'
 as -v --64 -o CMakeFiles/cmTC_1639f.dir/CMakeCXXCompilerABI.cpp.o /tmp/cccuS2XM.s
GNU assembler version 2.27 (x86_64-redhat-linux) using BFD version version 2.27-44.base.el7
COMPILER_PATH=/oscar/rt/7.2/opt/gcc/10.2/bin/../libexec/gcc/x86_64-pc-linux-gnu/10.2.0/:/oscar/rt/7.2/opt/gcc/10.2/bin/../libexec/gcc/
LIBRARY_PATH=/oscar/rt/7.2/opt/gcc/10.2/bin/../lib/gcc/x86_64-pc-linux-gnu/10.2.0/:/oscar/rt/7.2/opt/gcc/10.2/bin/../lib/gcc/:/oscar/rt/7.2/opt/gcc/10.2/bin/../lib/gcc/x86_64-pc-linux-gnu/10.2.0/../../../../lib64/:/lib/../lib64/:/usr/lib/../lib64/:/gpfs/runtime/opt/intel/2017.0/lib/intel64/:/gpfs/runtime/opt/intel/2017.0/mkl/lib/intel64/:/gpfs/runtime/opt/python/2.7.12/lib/:/oscar/rt/7.2/opt/gcc/10.2/bin/../lib/gcc/x86_64-pc-linux-gnu/10.2.0/../../../:/lib/:/usr/lib/
COLLECT_GCC_OPTIONS='-v' '-o' 'CMakeFiles/cmTC_1639f.dir/CMakeCXXCompilerABI.cpp.o' '-c' '-shared-libgcc' '-mtune=generic' '-march=x86-64'
[2/2] Linking CXX executable cmTC_1639f
Using built-in specs.
COLLECT_GCC=/gpfs/runtime/opt/gcc/10.2/bin/c++
COLLECT_LTO_WRAPPER=/oscar/rt/7.2/opt/gcc/10.2/bin/../libexec/gcc/x86_64-pc-linux-gnu/10.2.0/lto-wrapper
Target: x86_64-pc-linux-gnu
Configured with: ../src/configure --prefix=/gpfs/runtime/opt/gcc/10.2
Thread model: posix
Supported LTO compression algorithms: zlib
gcc version 10.2.0 (GCC) 
COMPILER_PATH=/oscar/rt/7.2/opt/gcc/10.2/bin/../libexec/gcc/x86_64-pc-linux-gnu/10.2.0/:/oscar/rt/7.2/opt/gcc/10.2/bin/../libexec/gcc/
LIBRARY_PATH=/oscar/rt/7.2/opt/gcc/10.2/bin/../lib/gcc/x86_64-pc-linux-gnu/10.2.0/:/oscar/rt/7.2/opt/gcc/10.2/bin/../lib/gcc/:/oscar/rt/7.2/opt/gcc/10.2/bin/../lib/gcc/x86_64-pc-linux-gnu/10.2.0/../../../../lib64/:/lib/../lib64/:/usr/lib/../lib64/:/gpfs/runtime/opt/intel/2017.0/lib/intel64/:/gpfs/runtime/opt/intel/2017.0/mkl/lib/intel64/:/gpfs/runtime/opt/python/2.7.12/lib/:/oscar/rt/7.2/opt/gcc/10.2/bin/../lib/gcc/x86_64-pc-linux-gnu/10.2.0/../../../:/lib/:/usr/lib/
COLLECT_GCC_OPTIONS='-v' '-o' 'cmTC_1639f' '-shared-libgcc' '-mtune=generic' '-march=x86-64'
 /oscar/rt/7.2/opt/gcc/10.2/bin/../libexec/gcc/x86_64-pc-linux-gnu/10.2.0/collect2 -plugin /oscar/rt/7.2/opt/gcc/10.2/bin/../libexec/gcc/x86_64-pc-linux-gnu/10.2.0/liblto_plugin.so -plugin-opt=/oscar/rt/7.2/opt/gcc/10.2/bin/../libexec/gcc/x86_64-pc-linux-gnu/10.2.0/lto-wrapper -plugin-opt=-fresolution=/tmp/ccwyXtmL.res -plugin-opt=-pass-through=-lgcc_s -plugin-opt=-pass-through=-lgcc -plugin-opt=-pass-through=-lc -plugin-opt=-pass-through=-lgcc_s -plugin-opt=-pass-through=-lgcc --eh-frame-hdr -m elf_x86_64 -dynamic-linker /lib64/ld-linux-x86-64.so.2 -o cmTC_1639f /lib/../lib64/crt1.o /lib/../lib64/crti.o /oscar/rt/7.2/opt/gcc/10.2/bin/../lib/gcc/x86_64-pc-linux-gnu/10.2.0/crtbegin.o -L/oscar/rt/7.2/opt/gcc/10.2/bin/../lib/gcc/x86_64-pc-linux-gnu/10.2.0 -L/oscar/rt/7.2/opt/gcc/10.2/bin/../lib/gcc -L/oscar/rt/7.2/opt/gcc/10.2/bin/../lib/gcc/x86_64-pc-linux-gnu/10.2.0/../../../../lib64 -L/lib/../lib64 -L/usr/lib/../lib64 -L/gpfs/runtime/opt/intel/2017.0/lib/intel64 -L/gpfs/runtime/opt/intel/2017.0/mkl/lib/intel64 -L/gpfs/runtime/opt/python/2.7.12/lib -L/oscar/rt/7.2/opt/gcc/10.2/bin/../lib/gcc/x86_64-pc-linux-gnu/10.2.0/../../.. CMakeFiles/cmTC_1639f.dir/CMakeCXXCompilerABI.cpp.o -lstdc++ -lm -lgcc_s -lgcc -lc -lgcc_s -lgcc /oscar/rt/7.2/opt/gcc/10.2/bin/../lib/gcc/x86_64-pc-linux-gnu/10.2.0/crtend.o /lib/../lib64/crtn.o
COLLECT_GCC_OPTIONS='-v' '-o' 'cmTC_1639f' '-shared-libgcc' '-mtune=generic' '-march=x86-64'



Parsed CXX implicit include dir info from above output: rv=done
  found start of include info
  found start of implicit include info
    add: [/gpfs/runtime/opt/intel/2017.0/mkl/include/intel64/ilp64/]
    add: [/gpfs/runtime/opt/python/2.7.12/include]
    add: [/gpfs/runtime/opt/eigen/3.4.0/include]
    add: [/gpfs/runtime/opt/eigen/3.4.0/include/eigen3/Eigen]
    add: [/gpfs/runtime/opt/eigen/3.4.0/include/eigen3/]
    add: [/gpfs/runtime/opt/gcc/10.2/include]
    add: [/oscar/rt/7.2/opt/gcc/10.2/bin/../lib/gcc/x86_64-pc-linux-gnu/10.2.0/../../../../include/c++/10.2.0]
    add: [/oscar/rt/7.2/opt/gcc/10.2/bin/../lib/gcc/x86_64-pc-linux-gnu/10.2.0/../../../../include/c++/10.2.0/x86_64-pc-linux-gnu]
    add: [/oscar/rt/7.2/opt/gcc/10.2/bin/../lib/gcc/x86_64-pc-linux-gnu/10.2.0/../../../../include/c++/10.2.0/backward]
    add: [/oscar/rt/7.2/opt/gcc/10.2/bin/../lib/gcc/x86_64-pc-linux-gnu/10.2.0/include]
    add: [/oscar/rt/7.2/opt/gcc/10.2/bin/../lib/gcc/x86_64-pc-linux-gnu/10.2.0/include-fixed]
    add: [/usr/local/include]
    add: [/usr/include]
  end of search list found
  collapse include dir [/gpfs/runtime/opt/intel/2017.0/mkl/include/intel64/ilp64/] ==> [/gpfs/runtime/opt/intel/2017.0/mkl/include/intel64/ilp64]
  collapse include dir [/gpfs/runtime/opt/python/2.7.12/include] ==> [/gpfs/runtime/opt/python/2.7.12/include]
  collapse include dir [/gpfs/runtime/opt/eigen/3.4.0/include] ==> [/gpfs/runtime/opt/eigen/3.4.0/include]
  collapse include dir [/gpfs/runtime/opt/eigen/3.4.0/include/eigen3/Eigen] ==> [/gpfs/runtime/opt/eigen/3.4.0/include/eigen3/Eigen]
  collapse include dir [/gpfs/runtime/opt/eigen/3.4.0/include/eigen3/] ==> [/gpfs/runtime/opt/eigen/3.4.0/include/eigen3]
  collapse include dir [/gpfs/runtime/opt/gcc/10.2/include] ==> [/gpfs/runtime/opt/gcc/10.2/include]
  collapse include dir [/oscar/rt/7.2/opt/gcc/10.2/bin/../lib/gcc/x86_64-pc-linux-gnu/10.2.0/../../../../include/c++/10.2.0] ==> [/oscar/rt/7.2/opt/gcc/10.2/include/c++/10.2.0]
  collapse include dir [/oscar/rt/7.2/opt/gcc/10.2/bin/../lib/gcc/x86_64-pc-linux-gnu/10.2.0/../../../../include/c++/10.2.0/x86_64-pc-linux-gnu] ==> [/oscar/rt/7.2/opt/gcc/10.2/include/c++/10.2.0/x86_64-pc-linux-gnu]
  collapse include dir [/oscar/rt/7.2/opt/gcc/10.2/bin/../lib/gcc/x86_64-pc-linux-gnu/10.2.0/../../../../include/c++/10.2.0/backward] ==> [/oscar/rt/7.2/opt/gcc/10.2/include/c++/10.2.0/backward]
  collapse include dir [/oscar/rt/7.2/opt/gcc/10.2/bin/../lib/gcc/x86_64-pc-linux-gnu/10.2.0/include] ==> [/oscar/rt/7.2/opt/gcc/10.2/lib/gcc/x86_64-pc-linux-gnu/10.2.0/include]
  collapse include dir [/oscar/rt/7.2/opt/gcc/10.2/bin/../lib/gcc/x86_64-pc-linux-gnu/10.2.0/include-fixed] ==> [/oscar/rt/7.2/opt/gcc/10.2/lib/gcc/x86_64-pc-linux-gnu/10.2.0/include-fixed]
  collapse include dir [/usr/local/include] ==> [/usr/local/include]
  collapse include dir [/usr/include] ==> [/usr/include]
  implicit include dirs: [/gpfs/runtime/opt/intel/2017.0/mkl/include/intel64/ilp64;/gpfs/runtime/opt/python/2.7.12/include;/gpfs/runtime/opt/eigen/3.4.0/include;/gpfs/runtime/opt/eigen/3.4.0/include/eigen3/Eigen;/gpfs/runtime/opt/eigen/3.4.0/include/eigen3;/gpfs/runtime/opt/gcc/10.2/include;/oscar/rt/7.2/opt/gcc/10.2/include/c++/10.2.0;/oscar/rt/7.2/opt/gcc/10.2/include/c++/10.2.0/x86_64-pc-linux-gnu;/oscar/rt/7.2/opt/gcc/10.2/include/c++/10.2.0/backward;/oscar/rt/7.2/opt/gcc/10.2/lib/gcc/x86_64-pc-linux-gnu/10.2.0/include;/oscar/rt/7.2/opt/gcc/10.2/lib/gcc/x86_64-pc-linux-gnu/10.2.0/include-fixed;/usr/local/include;/usr/include]


Parsed CXX implicit link information from above output:
  link line regex: [^( *|.*[/\])(ld|CMAKE_LINK_STARTFILE-NOTFOUND|([^/\]+-)?ld|collect2)[^/\]*( |$)]
  ignore line: [Change Dir: /users/zhuan160/my_test/floquet/floquet_topological_solver/build/CMakeFiles/CMakeTmp]
  ignore line: []
  ignore line: [Run Build Command(s):/gpfs/runtime/opt/ninja/1.9.0/ninja cmTC_1639f && [1/2] Building CXX object CMakeFiles/cmTC_1639f.dir/CMakeCXXCompilerABI.cpp.o]
  ignore line: [Using built-in specs.]
  ignore line: [COLLECT_GCC=/gpfs/runtime/opt/gcc/10.2/bin/c++]
  ignore line: [Target: x86_64-pc-linux-gnu]
  ignore line: [Configured with: ../src/configure --prefix=/gpfs/runtime/opt/gcc/10.2]
  ignore line: [Thread model: posix]
  ignore line: [Supported LTO compression algorithms: zlib]
  ignore line: [gcc version 10.2.0 (GCC) ]
  ignore line: [COLLECT_GCC_OPTIONS='-v' '-o' 'CMakeFiles/cmTC_1639f.dir/CMakeCXXCompilerABI.cpp.o' '-c' '-shared-libgcc' '-mtune=generic' '-march=x86-64']
  ignore line: [ /oscar/rt/7.2/opt/gcc/10.2/bin/../libexec/gcc/x86_64-pc-linux-gnu/10.2.0/cc1plus -quiet -v -iprefix /oscar/rt/7.2/opt/gcc/10.2/bin/../lib/gcc/x86_64-pc-linux-gnu/10.2.0/ -D_GNU_SOURCE /oscar/rt/7.2/opt/cmake/3.15.4/share/cmake-3.15/Modules/CMakeCXXCompilerABI.cpp -quiet -dumpbase CMakeCXXCompilerABI.cpp -mtune=generic -march=x86-64 -auxbase-strip CMakeFiles/cmTC_1639f.dir/CMakeCXXCompilerABI.cpp.o -version -o /tmp/cccuS2XM.s]
  ignore line: [GNU C++14 (GCC) version 10.2.0 (x86_64-pc-linux-gnu)]
  ignore line: [	compiled by GNU C version 10.2.0, GMP version 6.1.0, MPFR version 3.1.4, MPC version 1.0.3, isl version isl-0.18-GMP]
  ignore line: []
  ignore line: [GGC heuristics: --param ggc-min-expand=100 --param ggc-min-heapsize=131072]
  ignore line: [ignoring nonexistent directory "/oscar/rt/7.2/opt/gcc/10.2/bin/../lib/gcc/x86_64-pc-linux-gnu/10.2.0/../../../../x86_64-pc-linux-gnu/include"]
  ignore line: [ignoring duplicate directory "/oscar/rt/7.2/opt/gcc/10.2/bin/../lib/gcc/../../lib/gcc/x86_64-pc-linux-gnu/10.2.0/../../../../include/c++/10.2.0"]
  ignore line: [ignoring duplicate directory "/oscar/rt/7.2/opt/gcc/10.2/bin/../lib/gcc/../../lib/gcc/x86_64-pc-linux-gnu/10.2.0/../../../../include/c++/10.2.0/x86_64-pc-linux-gnu"]
  ignore line: [ignoring duplicate directory "/oscar/rt/7.2/opt/gcc/10.2/bin/../lib/gcc/../../lib/gcc/x86_64-pc-linux-gnu/10.2.0/../../../../include/c++/10.2.0/backward"]
  ignore line: [ignoring duplicate directory "/oscar/rt/7.2/opt/gcc/10.2/bin/../lib/gcc/../../lib/gcc/x86_64-pc-linux-gnu/10.2.0/include"]
  ignore line: [ignoring duplicate directory "/oscar/rt/7.2/opt/gcc/10.2/bin/../lib/gcc/../../include"]
  ignore line: [ignoring duplicate directory "/oscar/rt/7.2/opt/gcc/10.2/bin/../lib/gcc/../../lib/gcc/x86_64-pc-linux-gnu/10.2.0/include-fixed"]
  ignore line: [ignoring nonexistent directory "/oscar/rt/7.2/opt/gcc/10.2/bin/../lib/gcc/../../lib/gcc/x86_64-pc-linux-gnu/10.2.0/../../../../x86_64-pc-linux-gnu/include"]
  ignore line: [ignoring duplicate directory "/gpfs/runtime/opt/eigen/3.4.0/include"]
  ignore line: [  as it is a non-system directory that duplicates a system directory]
  ignore line: [ignoring duplicate directory "/gpfs/runtime/opt/eigen/3.4.0/include/eigen3/Eigen"]
  ignore line: [  as it is a non-system directory that duplicates a system directory]
  ignore line: [ignoring duplicate directory "/gpfs/runtime/opt/eigen/3.4.0/include/eigen3/"]
  ignore line: [  as it is a non-system directory that duplicates a system directory]
  ignore line: [ignoring duplicate directory "/gpfs/runtime/opt/gcc/10.2/include"]
  ignore line: [  as it is a non-system directory that duplicates a system directory]
  ignore line: [#include "..." search starts here:]
  ignore line: [#include <...> search starts here:]
  ignore line: [ /gpfs/runtime/opt/intel/2017.0/mkl/include/intel64/ilp64/]
  ignore line: [ /gpfs/runtime/opt/python/2.7.12/include]
  ignore line: [ /gpfs/runtime/opt/eigen/3.4.0/include]
  ignore line: [ /gpfs/runtime/opt/eigen/3.4.0/include/eigen3/Eigen]
  ignore line: [ /gpfs/runtime/opt/eigen/3.4.0/include/eigen3/]
  ignore line: [ /gpfs/runtime/opt/gcc/10.2/include]
  ignore line: [ /oscar/rt/7.2/opt/gcc/10.2/bin/../lib/gcc/x86_64-pc-linux-gnu/10.2.0/../../../../include/c++/10.2.0]
  ignore line: [ /oscar/rt/7.2/opt/gcc/10.2/bin/../lib/gcc/x86_64-pc-linux-gnu/10.2.0/../../../../include/c++/10.2.0/x86_64-pc-linux-gnu]
  ignore line: [ /oscar/rt/7.2/opt/gcc/10.2/bin/../lib/gcc/x86_64-pc-linux-gnu/10.2.0/../../../../include/c++/10.2.0/backward]
  ignore line: [ /oscar/rt/7.2/opt/gcc/10.2/bin/../lib/gcc/x86_64-pc-linux-gnu/10.2.0/include]
  ignore line: [ /oscar/rt/7.2/opt/gcc/10.2/bin/../lib/gcc/x86_64-pc-linux-gnu/10.2.0/include-fixed]
  ignore line: [ /usr/local/include]
  ignore line: [ /usr/include]
  ignore line: [End of search list.]
  ignore line: [GNU C++14 (GCC) version 10.2.0 (x86_64-pc-linux-gnu)]
  ignore line: [	compiled by GNU C version 10.2.0, GMP version 6.1.0, MPFR version 3.1.4, MPC version 1.0.3, isl version isl-0.18-GMP]
  ignore line: []
  ignore line: [GGC heuristics: --param ggc-min-expand=100 --param ggc-min-heapsize=131072]
  ignore line: [Compiler executable checksum: 6596791e66259363b24761a92e960d36]
  ignore line: [COLLECT_GCC_OPTIONS='-v' '-o' 'CMakeFiles/cmTC_1639f.dir/CMakeCXXCompilerABI.cpp.o' '-c' '-shared-libgcc' '-mtune=generic' '-march=x86-64']
  ignore line: [ as -v --64 -o CMakeFiles/cmTC_1639f.dir/CMakeCXXCompilerABI.cpp.o /tmp/cccuS2XM.s]
  ignore line: [GNU assembler version 2.27 (x86_64-redhat-linux) using BFD version version 2.27-44.base.el7]
  ignore line: [COMPILER_PATH=/oscar/rt/7.2/opt/gcc/10.2/bin/../libexec/gcc/x86_64-pc-linux-gnu/10.2.0/:/oscar/rt/7.2/opt/gcc/10.2/bin/../libexec/gcc/]
  ignore line: [LIBRARY_PATH=/oscar/rt/7.2/opt/gcc/10.2/bin/../lib/gcc/x86_64-pc-linux-gnu/10.2.0/:/oscar/rt/7.2/opt/gcc/10.2/bin/../lib/gcc/:/oscar/rt/7.2/opt/gcc/10.2/bin/../lib/gcc/x86_64-pc-linux-gnu/10.2.0/../../../../lib64/:/lib/../lib64/:/usr/lib/../lib64/:/gpfs/runtime/opt/intel/2017.0/lib/intel64/:/gpfs/runtime/opt/intel/2017.0/mkl/lib/intel64/:/gpfs/runtime/opt/python/2.7.12/lib/:/oscar/rt/7.2/opt/gcc/10.2/bin/../lib/gcc/x86_64-pc-linux-gnu/10.2.0/../../../:/lib/:/usr/lib/]
  ignore line: [COLLECT_GCC_OPTIONS='-v' '-o' 'CMakeFiles/cmTC_1639f.dir/CMakeCXXCompilerABI.cpp.o' '-c' '-shared-libgcc' '-mtune=generic' '-march=x86-64']
  ignore line: [[2/2] Linking CXX executable cmTC_1639f]
  ignore line: [Using built-in specs.]
  ignore line: [COLLECT_GCC=/gpfs/runtime/opt/gcc/10.2/bin/c++]
  ignore line: [COLLECT_LTO_WRAPPER=/oscar/rt/7.2/opt/gcc/10.2/bin/../libexec/gcc/x86_64-pc-linux-gnu/10.2.0/lto-wrapper]
  ignore line: [Target: x86_64-pc-linux-gnu]
  ignore line: [Configured with: ../src/configure --prefix=/gpfs/runtime/opt/gcc/10.2]
  ignore line: [Thread model: posix]
  ignore line: [Supported LTO compression algorithms: zlib]
  ignore line: [gcc version 10.2.0 (GCC) ]
  ignore line: [COMPILER_PATH=/oscar/rt/7.2/opt/gcc/10.2/bin/../libexec/gcc/x86_64-pc-linux-gnu/10.2.0/:/oscar/rt/7.2/opt/gcc/10.2/bin/../libexec/gcc/]
  ignore line: [LIBRARY_PATH=/oscar/rt/7.2/opt/gcc/10.2/bin/../lib/gcc/x86_64-pc-linux-gnu/10.2.0/:/oscar/rt/7.2/opt/gcc/10.2/bin/../lib/gcc/:/oscar/rt/7.2/opt/gcc/10.2/bin/../lib/gcc/x86_64-pc-linux-gnu/10.2.0/../../../../lib64/:/lib/../lib64/:/usr/lib/../lib64/:/gpfs/runtime/opt/intel/2017.0/lib/intel64/:/gpfs/runtime/opt/intel/2017.0/mkl/lib/intel64/:/gpfs/runtime/opt/python/2.7.12/lib/:/oscar/rt/7.2/opt/gcc/10.2/bin/../lib/gcc/x86_64-pc-linux-gnu/10.2.0/../../../:/lib/:/usr/lib/]
  ignore line: [COLLECT_GCC_OPTIONS='-v' '-o' 'cmTC_1639f' '-shared-libgcc' '-mtune=generic' '-march=x86-64']
  link line: [ /oscar/rt/7.2/opt/gcc/10.2/bin/../libexec/gcc/x86_64-pc-linux-gnu/10.2.0/collect2 -plugin /oscar/rt/7.2/opt/gcc/10.2/bin/../libexec/gcc/x86_64-pc-linux-gnu/10.2.0/liblto_plugin.so -plugin-opt=/oscar/rt/7.2/opt/gcc/10.2/bin/../libexec/gcc/x86_64-pc-linux-gnu/10.2.0/lto-wrapper -plugin-opt=-fresolution=/tmp/ccwyXtmL.res -plugin-opt=-pass-through=-lgcc_s -plugin-opt=-pass-through=-lgcc -plugin-opt=-pass-through=-lc -plugin-opt=-pass-through=-lgcc_s -plugin-opt=-pass-through=-lgcc --eh-frame-hdr -m elf_x86_64 -dynamic-linker /lib64/ld-linux-x86-64.so.2 -o cmTC_1639f /lib/../lib64/crt1.o /lib/../lib64/crti.o /oscar/rt/7.2/opt/gcc/10.2/bin/../lib/gcc/x86_64-pc-linux-gnu/10.2.0/crtbegin.o -L/oscar/rt/7.2/opt/gcc/10.2/bin/../lib/gcc/x86_64-pc-linux-gnu/10.2.0 -L/oscar/rt/7.2/opt/gcc/10.2/bin/../lib/gcc -L/oscar/rt/7.2/opt/gcc/10.2/bin/../lib/gcc/x86_64-pc-linux-gnu/10.2.0/../../../../lib64 -L/lib/../lib64 -L/usr/lib/../lib64 -L/gpfs/runtime/opt/intel/2017.0/lib/intel64 -L/gpfs/runtime/opt/intel/2017.0/mkl/lib/intel64 -L/gpfs/runtime/opt/python/2.7.12/lib -L/oscar/rt/7.2/opt/gcc/10.2/bin/../lib/gcc/x86_64-pc-linux-gnu/10.2.0/../../.. CMakeFiles/cmTC_1639f.dir/CMakeCXXCompilerABI.cpp.o -lstdc++ -lm -lgcc_s -lgcc -lc -lgcc_s -lgcc /oscar/rt/7.2/opt/gcc/10.2/bin/../lib/gcc/x86_64-pc-linux-gnu/10.2.0/crtend.o /lib/../lib64/crtn.o]
    arg [/oscar/rt/7.2/opt/gcc/10.2/bin/../libexec/gcc/x86_64-pc-linux-gnu/10.2.0/collect2] ==> ignore
    arg [-plugin] ==> ignore
    arg [/oscar/rt/7.2/opt/gcc/10.2/bin/../libexec/gcc/x86_64-pc-linux-gnu/10.2.0/liblto_plugin.so] ==> ignore
    arg [-plugin-opt=/oscar/rt/7.2/opt/gcc/10.2/bin/../libexec/gcc/x86_64-pc-linux-gnu/10.2.0/lto-wrapper] ==> ignore
    arg [-plugin-opt=-fresolution=/tmp/ccwyXtmL.res] ==> ignore
    arg [-plugin-opt=-pass-through=-lgcc_s] ==> ignore
    arg [-plugin-opt=-pass-through=-lgcc] ==> ignore
    arg [-plugin-opt=-pass-through=-lc] ==> ignore
    arg [-plugin-opt=-pass-through=-lgcc_s] ==> ignore
    arg [-plugin-opt=-pass-through=-lgcc] ==> ignore
    arg [--eh-frame-hdr] ==> ignore
    arg [-m] ==> ignore
    arg [elf_x86_64] ==> ignore
    arg [-dynamic-linker] ==> ignore
    arg [/lib64/ld-linux-x86-64.so.2] ==> ignore
    arg [-o] ==> ignore
    arg [cmTC_1639f] ==> ignore
    arg [/lib/../lib64/crt1.o] ==> ignore
    arg [/lib/../lib64/crti.o] ==> ignore
    arg [/oscar/rt/7.2/opt/gcc/10.2/bin/../lib/gcc/x86_64-pc-linux-gnu/10.2.0/crtbegin.o] ==> ignore
    arg [-L/oscar/rt/7.2/opt/gcc/10.2/bin/../lib/gcc/x86_64-pc-linux-gnu/10.2.0] ==> dir [/oscar/rt/7.2/opt/gcc/10.2/bin/../lib/gcc/x86_64-pc-linux-gnu/10.2.0]
    arg [-L/oscar/rt/7.2/opt/gcc/10.2/bin/../lib/gcc] ==> dir [/oscar/rt/7.2/opt/gcc/10.2/bin/../lib/gcc]
    arg [-L/oscar/rt/7.2/opt/gcc/10.2/bin/../lib/gcc/x86_64-pc-linux-gnu/10.2.0/../../../../lib64] ==> dir [/oscar/rt/7.2/opt/gcc/10.2/bin/../lib/gcc/x86_64-pc-linux-gnu/10.2.0/../../../../lib64]
    arg [-L/lib/../lib64] ==> dir [/lib/../lib64]
    arg [-L/usr/lib/../lib64] ==> dir [/usr/lib/../lib64]
    arg [-L/gpfs/runtime/opt/intel/2017.0/lib/intel64] ==> dir [/gpfs/runtime/opt/intel/2017.0/lib/intel64]
    arg [-L/gpfs/runtime/opt/intel/2017.0/mkl/lib/intel64] ==> dir [/gpfs/runtime/opt/intel/2017.0/mkl/lib/intel64]
    arg [-L/gpfs/runtime/opt/python/2.7.12/lib] ==> dir [/gpfs/runtime/opt/python/2.7.12/lib]
    arg [-L/oscar/rt/7.2/opt/gcc/10.2/bin/../lib/gcc/x86_64-pc-linux-gnu/10.2.0/../../..] ==> dir [/oscar/rt/7.2/opt/gcc/10.2/bin/../lib/gcc/x86_64-pc-linux-gnu/10.2.0/../../..]
    arg [CMakeFiles/cmTC_1639f.dir/CMakeCXXCompilerABI.cpp.o] ==> ignore
    arg [-lstdc++] ==> lib [stdc++]
    arg [-lm] ==> lib [m]
    arg [-lgcc_s] ==> lib [gcc_s]
    arg [-lgcc] ==> lib [gcc]
    arg [-lc] ==> lib [c]
    arg [-lgcc_s] ==> lib [gcc_s]
    arg [-lgcc] ==> lib [gcc]
    arg [/oscar/rt/7.2/opt/gcc/10.2/bin/../lib/gcc/x86_64-pc-linux-gnu/10.2.0/crtend.o] ==> ignore
    arg [/lib/../lib64/crtn.o] ==> ignore
  collapse library dir [/oscar/rt/7.2/opt/gcc/10.2/bin/../lib/gcc/x86_64-pc-linux-gnu/10.2.0] ==> [/oscar/rt/7.2/opt/gcc/10.2/lib/gcc/x86_64-pc-linux-gnu/10.2.0]
  collapse library dir [/oscar/rt/7.2/opt/gcc/10.2/bin/../lib/gcc] ==> [/oscar/rt/7.2/opt/gcc/10.2/lib/gcc]
  collapse library dir [/oscar/rt/7.2/opt/gcc/10.2/bin/../lib/gcc/x86_64-pc-linux-gnu/10.2.0/../../../../lib64] ==> [/oscar/rt/7.2/opt/gcc/10.2/lib64]
  collapse library dir [/lib/../lib64] ==> [/lib64]
  collapse library dir [/usr/lib/../lib64] ==> [/usr/lib64]
  collapse library dir [/gpfs/runtime/opt/intel/2017.0/lib/intel64] ==> [/gpfs/runtime/opt/intel/2017.0/lib/intel64]
  collapse library dir [/gpfs/runtime/opt/intel/2017.0/mkl/lib/intel64] ==> [/gpfs/runtime/opt/intel/2017.0/mkl/lib/intel64]
  collapse library dir [/gpfs/runtime/opt/python/2.7.12/lib] ==> [/gpfs/runtime/opt/python/2.7.12/lib]
  collapse library dir [/oscar/rt/7.2/opt/gcc/10.2/bin/../lib/gcc/x86_64-pc-linux-gnu/10.2.0/../../..] ==> [/oscar/rt/7.2/opt/gcc/10.2/lib]
  implicit libs: [stdc++;m;gcc_s;gcc;c;gcc_s;gcc]
  implicit dirs: [/oscar/rt/7.2/opt/gcc/10.2/lib/gcc/x86_64-pc-linux-gnu/10.2.0;/oscar/rt/7.2/opt/gcc/10.2/lib/gcc;/oscar/rt/7.2/opt/gcc/10.2/lib64;/lib64;/usr/lib64;/gpfs/runtime/opt/intel/2017.0/lib/intel64;/gpfs/runtime/opt/intel/2017.0/mkl/lib/intel64;/gpfs/runtime/opt/python/2.7.12/lib;/oscar/rt/7.2/opt/gcc/10.2/lib]
  implicit fwks: []


Detecting CXX OpenMP compiler ABI info compiled with the following output:
Change Dir: /users/zhuan160/my_test/floquet/floquet_topological_solver/build/CMakeFiles/CMakeTmp

Run Build Command(s):/gpfs/runtime/opt/ninja/1.9.0/ninja cmTC_0917c && [1/2] Building CXX object CMakeFiles/cmTC_0917c.dir/OpenMPTryFlag.cpp.o
Using built-in specs.
COLLECT_GCC=/gpfs/runtime/opt/gcc/10.2/bin/c++
Target: x86_64-pc-linux-gnu
Configured with: ../src/configure --prefix=/gpfs/runtime/opt/gcc/10.2
Thread model: posix
Supported LTO compression algorithms: zlib
gcc version 10.2.0 (GCC) 
COLLECT_GCC_OPTIONS='-fopenmp' '-v' '-o' 'CMakeFiles/cmTC_0917c.dir/OpenMPTryFlag.cpp.o' '-c' '-shared-libgcc' '-mtune=generic' '-march=x86-64' '-pthread'
 /oscar/rt/7.2/opt/gcc/10.2/bin/../libexec/gcc/x86_64-pc-linux-gnu/10.2.0/cc1plus -quiet -v -iprefix /oscar/rt/7.2/opt/gcc/10.2/bin/../lib/gcc/x86_64-pc-linux-gnu/10.2.0/ -D_GNU_SOURCE -D_REENTRANT /users/zhuan160/my_test/floquet/floquet_topological_solver/build/CMakeFiles/FindOpenMP/OpenMPTryFlag.cpp -quiet -dumpbase OpenMPTryFlag.cpp -mtune=generic -march=x86-64 -auxbase-strip CMakeFiles/cmTC_0917c.dir/OpenMPTryFlag.cpp.o -version -fopenmp -o /tmp/ccS1uhEZ.s
GNU C++14 (GCC) version 10.2.0 (x86_64-pc-linux-gnu)
	compiled by GNU C version 10.2.0, GMP version 6.1.0, MPFR version 3.1.4, MPC version 1.0.3, isl version isl-0.18-GMP

GGC heuristics: --param ggc-min-expand=100 --param ggc-min-heapsize=131072
ignoring nonexistent directory "/oscar/rt/7.2/opt/gcc/10.2/bin/../lib/gcc/x86_64-pc-linux-gnu/10.2.0/../../../../x86_64-pc-linux-gnu/include"
ignoring duplicate directory "/oscar/rt/7.2/opt/gcc/10.2/bin/../lib/gcc/../../lib/gcc/x86_64-pc-linux-gnu/10.2.0/../../../../include/c++/10.2.0"
ignoring duplicate directory "/oscar/rt/7.2/opt/gcc/10.2/bin/../lib/gcc/../../lib/gcc/x86_64-pc-linux-gnu/10.2.0/../../../../include/c++/10.2.0/x86_64-pc-linux-gnu"
ignoring duplicate directory "/oscar/rt/7.2/opt/gcc/10.2/bin/../lib/gcc/../../lib/gcc/x86_64-pc-linux-gnu/10.2.0/../../../../include/c++/10.2.0/backward"
ignoring duplicate directory "/oscar/rt/7.2/opt/gcc/10.2/bin/../lib/gcc/../../lib/gcc/x86_64-pc-linux-gnu/10.2.0/include"
ignoring duplicate directory "/oscar/rt/7.2/opt/gcc/10.2/bin/../lib/gcc/../../include"
ignoring duplicate directory "/oscar/rt/7.2/opt/gcc/10.2/bin/../lib/gcc/../../lib/gcc/x86_64-pc-linux-gnu/10.2.0/include-fixed"
ignoring nonexistent directory "/oscar/rt/7.2/opt/gcc/10.2/bin/../lib/gcc/../../lib/gcc/x86_64-pc-linux-gnu/10.2.0/../../../../x86_64-pc-linux-gnu/include"
ignoring duplicate directory "/gpfs/runtime/opt/eigen/3.4.0/include"
  as it is a non-system directory that duplicates a system directory
ignoring duplicate directory "/gpfs/runtime/opt/eigen/3.4.0/include/eigen3/Eigen"
  as it is a non-system directory that duplicates a system directory
ignoring duplicate directory "/gpfs/runtime/opt/eigen/3.4.0/include/eigen3/"
  as it is a non-system directory that duplicates a system directory
ignoring duplicate directory "/gpfs/runtime/opt/gcc/10.2/include"
  as it is a non-system directory that duplicates a system directory
#include "..." search starts here:
#include <...> search starts here:
 /gpfs/runtime/opt/intel/2017.0/mkl/include/intel64/ilp64/
 /gpfs/runtime/opt/python/2.7.12/include
 /gpfs/runtime/opt/eigen/3.4.0/include
 /gpfs/runtime/opt/eigen/3.4.0/include/eigen3/Eigen
 /gpfs/runtime/opt/eigen/3.4.0/include/eigen3/
 /gpfs/runtime/opt/gcc/10.2/include
 /oscar/rt/7.2/opt/gcc/10.2/bin/../lib/gcc/x86_64-pc-linux-gnu/10.2.0/../../../../include/c++/10.2.0
 /oscar/rt/7.2/opt/gcc/10.2/bin/../lib/gcc/x86_64-pc-linux-gnu/10.2.0/../../../../include/c++/10.2.0/x86_64-pc-linux-gnu
 /oscar/rt/7.2/opt/gcc/10.2/bin/../lib/gcc/x86_64-pc-linux-gnu/10.2.0/../../../../include/c++/10.2.0/backward
 /oscar/rt/7.2/opt/gcc/10.2/bin/../lib/gcc/x86_64-pc-linux-gnu/10.2.0/include
 /oscar/rt/7.2/opt/gcc/10.2/bin/../lib/gcc/x86_64-pc-linux-gnu/10.2.0/include-fixed
 /usr/local/include
 /usr/include
End of search list.
GNU C++14 (GCC) version 10.2.0 (x86_64-pc-linux-gnu)
	compiled by GNU C version 10.2.0, GMP version 6.1.0, MPFR version 3.1.4, MPC version 1.0.3, isl version isl-0.18-GMP

GGC heuristics: --param ggc-min-expand=100 --param ggc-min-heapsize=131072
Compiler executable checksum: 6596791e66259363b24761a92e960d36
COLLECT_GCC_OPTIONS='-fopenmp' '-v' '-o' 'CMakeFiles/cmTC_0917c.dir/OpenMPTryFlag.cpp.o' '-c' '-shared-libgcc' '-mtune=generic' '-march=x86-64' '-pthread'
 as -v --64 -o CMakeFiles/cmTC_0917c.dir/OpenMPTryFlag.cpp.o /tmp/ccS1uhEZ.s
GNU assembler version 2.27 (x86_64-redhat-linux) using BFD version version 2.27-44.base.el7
COMPILER_PATH=/oscar/rt/7.2/opt/gcc/10.2/bin/../libexec/gcc/x86_64-pc-linux-gnu/10.2.0/:/oscar/rt/7.2/opt/gcc/10.2/bin/../libexec/gcc/
LIBRARY_PATH=/oscar/rt/7.2/opt/gcc/10.2/bin/../lib/gcc/x86_64-pc-linux-gnu/10.2.0/:/oscar/rt/7.2/opt/gcc/10.2/bin/../lib/gcc/:/oscar/rt/7.2/opt/gcc/10.2/bin/../lib/gcc/x86_64-pc-linux-gnu/10.2.0/../../../../lib64/:/lib/../lib64/:/usr/lib/../lib64/:/gpfs/runtime/opt/intel/2017.0/lib/intel64/:/gpfs/runtime/opt/intel/2017.0/mkl/lib/intel64/:/gpfs/runtime/opt/python/2.7.12/lib/:/oscar/rt/7.2/opt/gcc/10.2/bin/../lib/gcc/x86_64-pc-linux-gnu/10.2.0/../../../:/lib/:/usr/lib/
COLLECT_GCC_OPTIONS='-fopenmp' '-v' '-o' 'CMakeFiles/cmTC_0917c.dir/OpenMPTryFlag.cpp.o' '-c' '-shared-libgcc' '-mtune=generic' '-march=x86-64' '-pthread'
[2/2] Linking CXX executable cmTC_0917c
Using built-in specs.
COLLECT_GCC=/gpfs/runtime/opt/gcc/10.2/bin/c++
COLLECT_LTO_WRAPPER=/oscar/rt/7.2/opt/gcc/10.2/bin/../libexec/gcc/x86_64-pc-linux-gnu/10.2.0/lto-wrapper
Target: x86_64-pc-linux-gnu
Configured with: ../src/configure --prefix=/gpfs/runtime/opt/gcc/10.2
Thread model: posix
Supported LTO compression algorithms: zlib
gcc version 10.2.0 (GCC) 
COMPILER_PATH=/oscar/rt/7.2/opt/gcc/10.2/bin/../libexec/gcc/x86_64-pc-linux-gnu/10.2.0/:/oscar/rt/7.2/opt/gcc/10.2/bin/../libexec/gcc/
LIBRARY_PATH=/oscar/rt/7.2/opt/gcc/10.2/bin/../lib/gcc/x86_64-pc-linux-gnu/10.2.0/:/oscar/rt/7.2/opt/gcc/10.2/bin/../lib/gcc/:/oscar/rt/7.2/opt/gcc/10.2/bin/../lib/gcc/x86_64-pc-linux-gnu/10.2.0/../../../../lib64/:/lib/../lib64/:/usr/lib/../lib64/:/gpfs/runtime/opt/intel/2017.0/lib/intel64/:/gpfs/runtime/opt/intel/2017.0/mkl/lib/intel64/:/gpfs/runtime/opt/python/2.7.12/lib/:/oscar/rt/7.2/opt/gcc/10.2/bin/../lib/gcc/x86_64-pc-linux-gnu/10.2.0/../../../:/lib/:/usr/lib/
Reading specs from /oscar/rt/7.2/opt/gcc/10.2/bin/../lib/gcc/x86_64-pc-linux-gnu/10.2.0/../../../../lib64/libgomp.spec
COLLECT_GCC_OPTIONS='-fopenmp' '-v' '-o' 'cmTC_0917c' '-v' '-shared-libgcc' '-mtune=generic' '-march=x86-64' '-pthread'
 /oscar/rt/7.2/opt/gcc/10.2/bin/../libexec/gcc/x86_64-pc-linux-gnu/10.2.0/collect2 -plugin /oscar/rt/7.2/opt/gcc/10.2/bin/../libexec/gcc/x86_64-pc-linux-gnu/10.2.0/liblto_plugin.so -plugin-opt=/oscar/rt/7.2/opt/gcc/10.2/bin/../libexec/gcc/x86_64-pc-linux-gnu/10.2.0/lto-wrapper -plugin-opt=-fresolution=/tmp/ccUiVIU2.res -plugin-opt=-pass-through=-lgcc_s -plugin-opt=-pass-through=-lgcc -plugin-opt=-pass-through=-lpthread -plugin-opt=-pass-through=-lc -plugin-opt=-pass-through=-lgcc_s -plugin-opt=-pass-through=-lgcc --eh-frame-hdr -m elf_x86_64 -dynamic-linker /lib64/ld-linux-x86-64.so.2 -o cmTC_0917c /lib/../lib64/crt1.o /lib/../lib64/crti.o /oscar/rt/7.2/opt/gcc/10.2/bin/../lib/gcc/x86_64-pc-linux-gnu/10.2.0/crtbegin.o -L/oscar/rt/7.2/opt/gcc/10.2/bin/../lib/gcc/x86_64-pc-linux-gnu/10.2.0 -L/oscar/rt/7.2/opt/gcc/10.2/bin/../lib/gcc -L/oscar/rt/7.2/opt/gcc/10.2/bin/../lib/gcc/x86_64-pc-linux-gnu/10.2.0/../../../../lib64 -L/lib/../lib64 -L/usr/lib/../lib64 -L/gpfs/runtime/opt/intel/2017.0/lib/intel64 -L/gpfs/runtime/opt/intel/2017.0/mkl/lib/intel64 -L/gpfs/runtime/opt/python/2.7.12/lib -L/oscar/rt/7.2/opt/gcc/10.2/bin/../lib/gcc/x86_64-pc-linux-gnu/10.2.0/../../.. CMakeFiles/cmTC_0917c.dir/OpenMPTryFlag.cpp.o -lstdc++ -lm -lgomp -lgcc_s -lgcc -lpthread -lc -lgcc_s -lgcc /oscar/rt/7.2/opt/gcc/10.2/bin/../lib/gcc/x86_64-pc-linux-gnu/10.2.0/crtend.o /lib/../lib64/crtn.o
COLLECT_GCC_OPTIONS='-fopenmp' '-v' '-o' 'cmTC_0917c' '-v' '-shared-libgcc' '-mtune=generic' '-march=x86-64' '-pthread'



Parsed CXX OpenMP implicit link information from above output:
  link line regex: [^( *|.*[/\])(ld|CMAKE_LINK_STARTFILE-NOTFOUND|([^/\]+-)?ld|collect2)[^/\]*( |$)]
  ignore line: [Change Dir: /users/zhuan160/my_test/floquet/floquet_topological_solver/build/CMakeFiles/CMakeTmp]
  ignore line: []
  ignore line: [Run Build Command(s):/gpfs/runtime/opt/ninja/1.9.0/ninja cmTC_0917c && [1/2] Building CXX object CMakeFiles/cmTC_0917c.dir/OpenMPTryFlag.cpp.o]
  ignore line: [Using built-in specs.]
  ignore line: [COLLECT_GCC=/gpfs/runtime/opt/gcc/10.2/bin/c++]
  ignore line: [Target: x86_64-pc-linux-gnu]
  ignore line: [Configured with: ../src/configure --prefix=/gpfs/runtime/opt/gcc/10.2]
  ignore line: [Thread model: posix]
  ignore line: [Supported LTO compression algorithms: zlib]
  ignore line: [gcc version 10.2.0 (GCC) ]
  ignore line: [COLLECT_GCC_OPTIONS='-fopenmp' '-v' '-o' 'CMakeFiles/cmTC_0917c.dir/OpenMPTryFlag.cpp.o' '-c' '-shared-libgcc' '-mtune=generic' '-march=x86-64' '-pthread']
  ignore line: [ /oscar/rt/7.2/opt/gcc/10.2/bin/../libexec/gcc/x86_64-pc-linux-gnu/10.2.0/cc1plus -quiet -v -iprefix /oscar/rt/7.2/opt/gcc/10.2/bin/../lib/gcc/x86_64-pc-linux-gnu/10.2.0/ -D_GNU_SOURCE -D_REENTRANT /users/zhuan160/my_test/floquet/floquet_topological_solver/build/CMakeFiles/FindOpenMP/OpenMPTryFlag.cpp -quiet -dumpbase OpenMPTryFlag.cpp -mtune=generic -march=x86-64 -auxbase-strip CMakeFiles/cmTC_0917c.dir/OpenMPTryFlag.cpp.o -version -fopenmp -o /tmp/ccS1uhEZ.s]
  ignore line: [GNU C++14 (GCC) version 10.2.0 (x86_64-pc-linux-gnu)]
  ignore line: [	compiled by GNU C version 10.2.0, GMP version 6.1.0, MPFR version 3.1.4, MPC version 1.0.3, isl version isl-0.18-GMP]
  ignore line: []
  ignore line: [GGC heuristics: --param ggc-min-expand=100 --param ggc-min-heapsize=131072]
  ignore line: [ignoring nonexistent directory "/oscar/rt/7.2/opt/gcc/10.2/bin/../lib/gcc/x86_64-pc-linux-gnu/10.2.0/../../../../x86_64-pc-linux-gnu/include"]
  ignore line: [ignoring duplicate directory "/oscar/rt/7.2/opt/gcc/10.2/bin/../lib/gcc/../../lib/gcc/x86_64-pc-linux-gnu/10.2.0/../../../../include/c++/10.2.0"]
  ignore line: [ignoring duplicate directory "/oscar/rt/7.2/opt/gcc/10.2/bin/../lib/gcc/../../lib/gcc/x86_64-pc-linux-gnu/10.2.0/../../../../include/c++/10.2.0/x86_64-pc-linux-gnu"]
  ignore line: [ignoring duplicate directory "/oscar/rt/7.2/opt/gcc/10.2/bin/../lib/gcc/../../lib/gcc/x86_64-pc-linux-gnu/10.2.0/../../../../include/c++/10.2.0/backward"]
  ignore line: [ignoring duplicate directory "/oscar/rt/7.2/opt/gcc/10.2/bin/../lib/gcc/../../lib/gcc/x86_64-pc-linux-gnu/10.2.0/include"]
  ignore line: [ignoring duplicate directory "/oscar/rt/7.2/opt/gcc/10.2/bin/../lib/gcc/../../include"]
  ignore line: [ignoring duplicate directory "/oscar/rt/7.2/opt/gcc/10.2/bin/../lib/gcc/../../lib/gcc/x86_64-pc-linux-gnu/10.2.0/include-fixed"]
  ignore line: [ignoring nonexistent directory "/oscar/rt/7.2/opt/gcc/10.2/bin/../lib/gcc/../../lib/gcc/x86_64-pc-linux-gnu/10.2.0/../../../../x86_64-pc-linux-gnu/include"]
  ignore line: [ignoring duplicate directory "/gpfs/runtime/opt/eigen/3.4.0/include"]
  ignore line: [  as it is a non-system directory that duplicates a system directory]
  ignore line: [ignoring duplicate directory "/gpfs/runtime/opt/eigen/3.4.0/include/eigen3/Eigen"]
  ignore line: [  as it is a non-system directory that duplicates a system directory]
  ignore line: [ignoring duplicate directory "/gpfs/runtime/opt/eigen/3.4.0/include/eigen3/"]
  ignore line: [  as it is a non-system directory that duplicates a system directory]
  ignore line: [ignoring duplicate directory "/gpfs/runtime/opt/gcc/10.2/include"]
  ignore line: [  as it is a non-system directory that duplicates a system directory]
  ignore line: [#include "..." search starts here:]
  ignore line: [#include <...> search starts here:]
  ignore line: [ /gpfs/runtime/opt/intel/2017.0/mkl/include/intel64/ilp64/]
  ignore line: [ /gpfs/runtime/opt/python/2.7.12/include]
  ignore line: [ /gpfs/runtime/opt/eigen/3.4.0/include]
  ignore line: [ /gpfs/runtime/opt/eigen/3.4.0/include/eigen3/Eigen]
  ignore line: [ /gpfs/runtime/opt/eigen/3.4.0/include/eigen3/]
  ignore line: [ /gpfs/runtime/opt/gcc/10.2/include]
  ignore line: [ /oscar/rt/7.2/opt/gcc/10.2/bin/../lib/gcc/x86_64-pc-linux-gnu/10.2.0/../../../../include/c++/10.2.0]
  ignore line: [ /oscar/rt/7.2/opt/gcc/10.2/bin/../lib/gcc/x86_64-pc-linux-gnu/10.2.0/../../../../include/c++/10.2.0/x86_64-pc-linux-gnu]
  ignore line: [ /oscar/rt/7.2/opt/gcc/10.2/bin/../lib/gcc/x86_64-pc-linux-gnu/10.2.0/../../../../include/c++/10.2.0/backward]
  ignore line: [ /oscar/rt/7.2/opt/gcc/10.2/bin/../lib/gcc/x86_64-pc-linux-gnu/10.2.0/include]
  ignore line: [ /oscar/rt/7.2/opt/gcc/10.2/bin/../lib/gcc/x86_64-pc-linux-gnu/10.2.0/include-fixed]
  ignore line: [ /usr/local/include]
  ignore line: [ /usr/include]
  ignore line: [End of search list.]
  ignore line: [GNU C++14 (GCC) version 10.2.0 (x86_64-pc-linux-gnu)]
  ignore line: [	compiled by GNU C version 10.2.0, GMP version 6.1.0, MPFR version 3.1.4, MPC version 1.0.3, isl version isl-0.18-GMP]
  ignore line: []
  ignore line: [GGC heuristics: --param ggc-min-expand=100 --param ggc-min-heapsize=131072]
  ignore line: [Compiler executable checksum: 6596791e66259363b24761a92e960d36]
  ignore line: [COLLECT_GCC_OPTIONS='-fopenmp' '-v' '-o' 'CMakeFiles/cmTC_0917c.dir/OpenMPTryFlag.cpp.o' '-c' '-shared-libgcc' '-mtune=generic' '-march=x86-64' '-pthread']
  ignore line: [ as -v --64 -o CMakeFiles/cmTC_0917c.dir/OpenMPTryFlag.cpp.o /tmp/ccS1uhEZ.s]
  ignore line: [GNU assembler version 2.27 (x86_64-redhat-linux) using BFD version version 2.27-44.base.el7]
  ignore line: [COMPILER_PATH=/oscar/rt/7.2/opt/gcc/10.2/bin/../libexec/gcc/x86_64-pc-linux-gnu/10.2.0/:/oscar/rt/7.2/opt/gcc/10.2/bin/../libexec/gcc/]
  ignore line: [LIBRARY_PATH=/oscar/rt/7.2/opt/gcc/10.2/bin/../lib/gcc/x86_64-pc-linux-gnu/10.2.0/:/oscar/rt/7.2/opt/gcc/10.2/bin/../lib/gcc/:/oscar/rt/7.2/opt/gcc/10.2/bin/../lib/gcc/x86_64-pc-linux-gnu/10.2.0/../../../../lib64/:/lib/../lib64/:/usr/lib/../lib64/:/gpfs/runtime/opt/intel/2017.0/lib/intel64/:/gpfs/runtime/opt/intel/2017.0/mkl/lib/intel64/:/gpfs/runtime/opt/python/2.7.12/lib/:/oscar/rt/7.2/opt/gcc/10.2/bin/../lib/gcc/x86_64-pc-linux-gnu/10.2.0/../../../:/lib/:/usr/lib/]
  ignore line: [COLLECT_GCC_OPTIONS='-fopenmp' '-v' '-o' 'CMakeFiles/cmTC_0917c.dir/OpenMPTryFlag.cpp.o' '-c' '-shared-libgcc' '-mtune=generic' '-march=x86-64' '-pthread']
  ignore line: [[2/2] Linking CXX executable cmTC_0917c]
  ignore line: [Using built-in specs.]
  ignore line: [COLLECT_GCC=/gpfs/runtime/opt/gcc/10.2/bin/c++]
  ignore line: [COLLECT_LTO_WRAPPER=/oscar/rt/7.2/opt/gcc/10.2/bin/../libexec/gcc/x86_64-pc-linux-gnu/10.2.0/lto-wrapper]
  ignore line: [Target: x86_64-pc-linux-gnu]
  ignore line: [Configured with: ../src/configure --prefix=/gpfs/runtime/opt/gcc/10.2]
  ignore line: [Thread model: posix]
  ignore line: [Supported LTO compression algorithms: zlib]
  ignore line: [gcc version 10.2.0 (GCC) ]
  ignore line: [COMPILER_PATH=/oscar/rt/7.2/opt/gcc/10.2/bin/../libexec/gcc/x86_64-pc-linux-gnu/10.2.0/:/oscar/rt/7.2/opt/gcc/10.2/bin/../libexec/gcc/]
  ignore line: [LIBRARY_PATH=/oscar/rt/7.2/opt/gcc/10.2/bin/../lib/gcc/x86_64-pc-linux-gnu/10.2.0/:/oscar/rt/7.2/opt/gcc/10.2/bin/../lib/gcc/:/oscar/rt/7.2/opt/gcc/10.2/bin/../lib/gcc/x86_64-pc-linux-gnu/10.2.0/../../../../lib64/:/lib/../lib64/:/usr/lib/../lib64/:/gpfs/runtime/opt/intel/2017.0/lib/intel64/:/gpfs/runtime/opt/intel/2017.0/mkl/lib/intel64/:/gpfs/runtime/opt/python/2.7.12/lib/:/oscar/rt/7.2/opt/gcc/10.2/bin/../lib/gcc/x86_64-pc-linux-gnu/10.2.0/../../../:/lib/:/usr/lib/]
  ignore line: [Reading specs from /oscar/rt/7.2/opt/gcc/10.2/bin/../lib/gcc/x86_64-pc-linux-gnu/10.2.0/../../../../lib64/libgomp.spec]
  ignore line: [COLLECT_GCC_OPTIONS='-fopenmp' '-v' '-o' 'cmTC_0917c' '-v' '-shared-libgcc' '-mtune=generic' '-march=x86-64' '-pthread']
  link line: [ /oscar/rt/7.2/opt/gcc/10.2/bin/../libexec/gcc/x86_64-pc-linux-gnu/10.2.0/collect2 -plugin /oscar/rt/7.2/opt/gcc/10.2/bin/../libexec/gcc/x86_64-pc-linux-gnu/10.2.0/liblto_plugin.so -plugin-opt=/oscar/rt/7.2/opt/gcc/10.2/bin/../libexec/gcc/x86_64-pc-linux-gnu/10.2.0/lto-wrapper -plugin-opt=-fresolution=/tmp/ccUiVIU2.res -plugin-opt=-pass-through=-lgcc_s -plugin-opt=-pass-through=-lgcc -plugin-opt=-pass-through=-lpthread -plugin-opt=-pass-through=-lc -plugin-opt=-pass-through=-lgcc_s -plugin-opt=-pass-through=-lgcc --eh-frame-hdr -m elf_x86_64 -dynamic-linker /lib64/ld-linux-x86-64.so.2 -o cmTC_0917c /lib/../lib64/crt1.o /lib/../lib64/crti.o /oscar/rt/7.2/opt/gcc/10.2/bin/../lib/gcc/x86_64-pc-linux-gnu/10.2.0/crtbegin.o -L/oscar/rt/7.2/opt/gcc/10.2/bin/../lib/gcc/x86_64-pc-linux-gnu/10.2.0 -L/oscar/rt/7.2/opt/gcc/10.2/bin/../lib/gcc -L/oscar/rt/7.2/opt/gcc/10.2/bin/../lib/gcc/x86_64-pc-linux-gnu/10.2.0/../../../../lib64 -L/lib/../lib64 -L/usr/lib/../lib64 -L/gpfs/runtime/opt/intel/2017.0/lib/intel64 -L/gpfs/runtime/opt/intel/2017.0/mkl/lib/intel64 -L/gpfs/runtime/opt/python/2.7.12/lib -L/oscar/rt/7.2/opt/gcc/10.2/bin/../lib/gcc/x86_64-pc-linux-gnu/10.2.0/../../.. CMakeFiles/cmTC_0917c.dir/OpenMPTryFlag.cpp.o -lstdc++ -lm -lgomp -lgcc_s -lgcc -lpthread -lc -lgcc_s -lgcc /oscar/rt/7.2/opt/gcc/10.2/bin/../lib/gcc/x86_64-pc-linux-gnu/10.2.0/crtend.o /lib/../lib64/crtn.o]
    arg [/oscar/rt/7.2/opt/gcc/10.2/bin/../libexec/gcc/x86_64-pc-linux-gnu/10.2.0/collect2] ==> ignore
    arg [-plugin] ==> ignore
    arg [/oscar/rt/7.2/opt/gcc/10.2/bin/../libexec/gcc/x86_64-pc-linux-gnu/10.2.0/liblto_plugin.so] ==> ignore
    arg [-plugin-opt=/oscar/rt/7.2/opt/gcc/10.2/bin/../libexec/gcc/x86_64-pc-linux-gnu/10.2.0/lto-wrapper] ==> ignore
    arg [-plugin-opt=-fresolution=/tmp/ccUiVIU2.res] ==> ignore
    arg [-plugin-opt=-pass-through=-lgcc_s] ==> ignore
    arg [-plugin-opt=-pass-through=-lgcc] ==> ignore
    arg [-plugin-opt=-pass-through=-lpthread] ==> ignore
    arg [-plugin-opt=-pass-through=-lc] ==> ignore
    arg [-plugin-opt=-pass-through=-lgcc_s] ==> ignore
    arg [-plugin-opt=-pass-through=-lgcc] ==> ignore
    arg [--eh-frame-hdr] ==> ignore
    arg [-m] ==> ignore
    arg [elf_x86_64] ==> ignore
    arg [-dynamic-linker] ==> ignore
    arg [/lib64/ld-linux-x86-64.so.2] ==> ignore
    arg [-o] ==> ignore
    arg [cmTC_0917c] ==> ignore
    arg [/lib/../lib64/crt1.o] ==> ignore
    arg [/lib/../lib64/crti.o] ==> ignore
    arg [/oscar/rt/7.2/opt/gcc/10.2/bin/../lib/gcc/x86_64-pc-linux-gnu/10.2.0/crtbegin.o] ==> ignore
    arg [-L/oscar/rt/7.2/opt/gcc/10.2/bin/../lib/gcc/x86_64-pc-linux-gnu/10.2.0] ==> dir [/oscar/rt/7.2/opt/gcc/10.2/bin/../lib/gcc/x86_64-pc-linux-gnu/10.2.0]
    arg [-L/oscar/rt/7.2/opt/gcc/10.2/bin/../lib/gcc] ==> dir [/oscar/rt/7.2/opt/gcc/10.2/bin/../lib/gcc]
    arg [-L/oscar/rt/7.2/opt/gcc/10.2/bin/../lib/gcc/x86_64-pc-linux-gnu/10.2.0/../../../../lib64] ==> dir [/oscar/rt/7.2/opt/gcc/10.2/bin/../lib/gcc/x86_64-pc-linux-gnu/10.2.0/../../../../lib64]
    arg [-L/lib/../lib64] ==> dir [/lib/../lib64]
    arg [-L/usr/lib/../lib64] ==> dir [/usr/lib/../lib64]
    arg [-L/gpfs/runtime/opt/intel/2017.0/lib/intel64] ==> dir [/gpfs/runtime/opt/intel/2017.0/lib/intel64]
    arg [-L/gpfs/runtime/opt/intel/2017.0/mkl/lib/intel64] ==> dir [/gpfs/runtime/opt/intel/2017.0/mkl/lib/intel64]
    arg [-L/gpfs/runtime/opt/python/2.7.12/lib] ==> dir [/gpfs/runtime/opt/python/2.7.12/lib]
    arg [-L/oscar/rt/7.2/opt/gcc/10.2/bin/../lib/gcc/x86_64-pc-linux-gnu/10.2.0/../../..] ==> dir [/oscar/rt/7.2/opt/gcc/10.2/bin/../lib/gcc/x86_64-pc-linux-gnu/10.2.0/../../..]
    arg [CMakeFiles/cmTC_0917c.dir/OpenMPTryFlag.cpp.o] ==> ignore
    arg [-lstdc++] ==> lib [stdc++]
    arg [-lm] ==> lib [m]
    arg [-lgomp] ==> lib [gomp]
    arg [-lgcc_s] ==> lib [gcc_s]
    arg [-lgcc] ==> lib [gcc]
    arg [-lpthread] ==> lib [pthread]
    arg [-lc] ==> lib [c]
    arg [-lgcc_s] ==> lib [gcc_s]
    arg [-lgcc] ==> lib [gcc]
    arg [/oscar/rt/7.2/opt/gcc/10.2/bin/../lib/gcc/x86_64-pc-linux-gnu/10.2.0/crtend.o] ==> ignore
    arg [/lib/../lib64/crtn.o] ==> ignore
  collapse library dir [/oscar/rt/7.2/opt/gcc/10.2/bin/../lib/gcc/x86_64-pc-linux-gnu/10.2.0] ==> [/oscar/rt/7.2/opt/gcc/10.2/lib/gcc/x86_64-pc-linux-gnu/10.2.0]
  collapse library dir [/oscar/rt/7.2/opt/gcc/10.2/bin/../lib/gcc] ==> [/oscar/rt/7.2/opt/gcc/10.2/lib/gcc]
  collapse library dir [/oscar/rt/7.2/opt/gcc/10.2/bin/../lib/gcc/x86_64-pc-linux-gnu/10.2.0/../../../../lib64] ==> [/oscar/rt/7.2/opt/gcc/10.2/lib64]
  collapse library dir [/lib/../lib64] ==> [/lib64]
  collapse library dir [/usr/lib/../lib64] ==> [/usr/lib64]
  collapse library dir [/gpfs/runtime/opt/intel/2017.0/lib/intel64] ==> [/gpfs/runtime/opt/intel/2017.0/lib/intel64]
  collapse library dir [/gpfs/runtime/opt/intel/2017.0/mkl/lib/intel64] ==> [/gpfs/runtime/opt/intel/2017.0/mkl/lib/intel64]
  collapse library dir [/gpfs/runtime/opt/python/2.7.12/lib] ==> [/gpfs/runtime/opt/python/2.7.12/lib]
  collapse library dir [/oscar/rt/7.2/opt/gcc/10.2/bin/../lib/gcc/x86_64-pc-linux-gnu/10.2.0/../../..] ==> [/oscar/rt/7.2/opt/gcc/10.2/lib]
  implicit libs: [stdc++;m;gomp;gcc_s;gcc;pthread;c;gcc_s;gcc]
  implicit dirs: [/oscar/rt/7.2/opt/gcc/10.2/lib/gcc/x86_64-pc-linux-gnu/10.2.0;/oscar/rt/7.2/opt/gcc/10.2/lib/gcc;/oscar/rt/7.2/opt/gcc/10.2/lib64;/lib64;/usr/lib64;/gpfs/runtime/opt/intel/2017.0/lib/intel64;/gpfs/runtime/opt/intel/2017.0/mkl/lib/intel64;/gpfs/runtime/opt/python/2.7.12/lib;/oscar/rt/7.2/opt/gcc/10.2/lib]
  implicit fwks: []


