## SLURM PROLOG ###############################################################
##    Job ID : 12363924
##  Job Name : draw.sh
##  Nodelist : node1647
##      CPUs : 4
##  Mem/Node : 65536 MB
## Directory : /oscar/home/zhuan160/my_test/floquet/floquet_topological_solver/data
##   Job Started : Tue Dec 12 00:12:42 EST 2023
###############################################################################
Reading data from file...
Data reading complete.
Plotting eigenstate 1 of 100...
Plotting eigenstate 2 of 100...
Plotting eigenstate 3 of 100...
Plotting eigenstate 4 of 100...
Plotting eigenstate 5 of 100...
Plotting eigenstate 6 of 100...
Plotting eigenstate 7 of 100...
Plotting eigenstate 8 of 100...
Plotting eigenstate 9 of 100...
Plotting eigenstate 10 of 100...
Plotting eigenstate 11 of 100...
Plotting eigenstate 12 of 100...
Plotting eigenstate 13 of 100...
Plotting eigenstate 14 of 100...
Plotting eigenstate 15 of 100...
Plotting eigenstate 16 of 100...
Plotting eigenstate 17 of 100...
Plotting eigenstate 18 of 100...
Plotting eigenstate 19 of 100...
Plotting eigenstate 20 of 100...
Plotting eigenstate 21 of 100...
Plotting eigenstate 22 of 100...
Plotting eigenstate 23 of 100...
Plotting eigenstate 24 of 100...
Plotting eigenstate 25 of 100...
Plotting eigenstate 26 of 100...
Plotting eigenstate 27 of 100...
Plotting eigenstate 28 of 100...
Plotting eigenstate 29 of 100...
Plotting eigenstate 30 of 100...
Plotting eigenstate 31 of 100...
Plotting eigenstate 32 of 100...
Plotting eigenstate 33 of 100...
Plotting eigenstate 34 of 100...
Plotting eigenstate 35 of 100...
Plotting eigenstate 36 of 100...
Plotting eigenstate 37 of 100...
Plotting eigenstate 38 of 100...
Plotting eigenstate 39 of 100...
Plotting eigenstate 40 of 100...
Plotting eigenstate 41 of 100...
Plotting eigenstate 42 of 100...
Plotting eigenstate 43 of 100...
Plotting eigenstate 44 of 100...
Plotting eigenstate 45 of 100...
Plotting eigenstate 46 of 100...
Plotting eigenstate 47 of 100...
Plotting eigenstate 48 of 100...
Plotting eigenstate 49 of 100...
Plotting eigenstate 50 of 100...
Plotting eigenstate 51 of 100...
Plotting eigenstate 52 of 100...
Plotting eigenstate 53 of 100...
Plotting eigenstate 54 of 100...
Plotting eigenstate 55 of 100...
Plotting eigenstate 56 of 100...
Plotting eigenstate 57 of 100...
Plotting eigenstate 58 of 100...
Plotting eigenstate 59 of 100...
Plotting eigenstate 60 of 100...
Plotting eigenstate 61 of 100...
Plotting eigenstate 62 of 100...
Plotting eigenstate 63 of 100...
Plotting eigenstate 64 of 100...
Plotting eigenstate 65 of 100...
Plotting eigenstate 66 of 100...
Plotting eigenstate 67 of 100...
Plotting eigenstate 68 of 100...
Plotting eigenstate 69 of 100...
Plotting eigenstate 70 of 100...
Plotting eigenstate 71 of 100...
Plotting eigenstate 72 of 100...
Plotting eigenstate 73 of 100...
Plotting eigenstate 74 of 100...
Plotting eigenstate 75 of 100...
Plotting eigenstate 76 of 100...
Plotting eigenstate 77 of 100...
Plotting eigenstate 78 of 100...
Plotting eigenstate 79 of 100...
Plotting eigenstate 80 of 100...
Plotting eigenstate 81 of 100...
Plotting eigenstate 82 of 100...
Plotting eigenstate 83 of 100...
Plotting eigenstate 84 of 100...
Plotting eigenstate 85 of 100...
Plotting eigenstate 86 of 100...
Plotting eigenstate 87 of 100...
Plotting eigenstate 88 of 100...
Plotting eigenstate 89 of 100...
Plotting eigenstate 90 of 100...
Plotting eigenstate 91 of 100...
Plotting eigenstate 92 of 100...
Plotting eigenstate 93 of 100...
Plotting eigenstate 94 of 100...
Plotting eigenstate 95 of 100...
Plotting eigenstate 96 of 100...
Plotting eigenstate 97 of 100...
Plotting eigenstate 98 of 100...
Plotting eigenstate 99 of 100...
Plotting eigenstate 100 of 100...
